DEBUG 2021-01-15 13:18:38.726 UTC: 	 CRAB Client version: v3.201110
DEBUG 2021-01-15 13:18:38.727 UTC: 	 Running on: Linux t3ui03.psi.ch 3.10.0-1062.18.1.el7.x86_64 #1 SMP Wed Feb 12 14:08:31 UTC 2020 x86_64 x86_64 x86_64 GNU/Linux - Red Hat Enterprise Linux Server 7.7 (Maipo)
DEBUG 2021-01-15 13:18:38.727 UTC: 	 Executing command: 'submit'
DEBUG 2021-01-15 13:18:38.746 UTC: 	 Found CRAB cache file /t3home/ajofrehe/.crab3
DEBUG 2021-01-15 13:18:38.778 UTC: 	 Will use CRAB Analysis plugin (i.e. will run an analysis job type).
DEBUG 2021-02-24 08:17:39.318 UTC: 	 CRAB Client version: v3.201110
DEBUG 2021-02-24 08:17:39.319 UTC: 	 Running on: Linux t3ui03.psi.ch 3.10.0-1062.18.1.el7.x86_64 #1 SMP Wed Feb 12 14:08:31 UTC 2020 x86_64 x86_64 x86_64 GNU/Linux - Red Hat Enterprise Linux Server 7.7 (Maipo)
DEBUG 2021-02-24 08:17:39.319 UTC: 	 Executing command: 'submit'
DEBUG 2021-02-24 08:17:39.335 UTC: 	 Found CRAB cache file /t3home/ajofrehe/.crab3
DEBUG 2021-02-24 08:17:39.355 UTC: 	 Will use CRAB Analysis plugin (i.e. will run an analysis job type).
DEBUG 2021-03-29 13:23:48.955 UTC: 	 CRAB Client version: v3.210127
DEBUG 2021-03-29 13:23:48.956 UTC: 	 Running on: Linux t3ui03.psi.ch 3.10.0-1062.18.1.el7.x86_64 #1 SMP Wed Feb 12 14:08:31 UTC 2020 x86_64 x86_64 x86_64 GNU/Linux - Red Hat Enterprise Linux Server 7.7 (Maipo)
DEBUG 2021-03-29 13:23:48.956 UTC: 	 Executing command: 'submit'
DEBUG 2021-03-29 13:23:48.957 UTC: 	 Found CRAB cache file /t3home/ajofrehe/.crab3
DEBUG 2021-03-29 13:23:48.980 UTC: 	 Will use CRAB Analysis plugin (i.e. will run an analysis job type).
DEBUG 2021-04-19 09:22:05.326 UTC: 	 CRAB Client version: v3.210323
DEBUG 2021-04-19 09:22:05.327 UTC: 	 Running on: Linux t3ui03.psi.ch 3.10.0-1062.18.1.el7.x86_64 #1 SMP Wed Feb 12 14:08:31 UTC 2020 x86_64 x86_64 x86_64 GNU/Linux - Red Hat Enterprise Linux Server 7.7 (Maipo)
DEBUG 2021-04-19 09:22:05.327 UTC: 	 Executing command: 'submit'
DEBUG 2021-04-19 09:22:05.328 UTC: 	 Found CRAB cache file /t3home/ajofrehe/.crab3
DEBUG 2021-04-19 09:22:05.347 UTC: 	 Will use CRAB Analysis plugin (i.e. will run an analysis job type).
DEBUG 2021-04-26 13:58:49.687 UTC: 	 CRAB Client version: v3.210323
DEBUG 2021-04-26 13:58:49.687 UTC: 	 Running on: Linux t3ui03.psi.ch 3.10.0-1062.18.1.el7.x86_64 #1 SMP Wed Feb 12 14:08:31 UTC 2020 x86_64 x86_64 x86_64 GNU/Linux - Red Hat Enterprise Linux Server 7.7 (Maipo)
DEBUG 2021-04-26 13:58:49.687 UTC: 	 Executing command: 'status'
DEBUG 2021-04-26 13:58:49.688 UTC: 	 Found CRAB cache file /t3home/ajofrehe/.crab3
ERROR 2021-04-26 13:58:49.782 UTC: 	 Error: gtau_v26042021-1_submission/crab_ggTauTau_TuneCP5_5p02TeV_amcatnlo_pythia8v26042021-1 is not a valid CRAB project directory.
ERROR 2021-04-26 13:58:49.782 UTC: 	 Caught ClientException exception
Traceback (most recent call last):
  File "/cvmfs/cms.cern.ch/share/cms/crab-prod/v3.210323.00/bin/crab", line 165, in <module>
    client()
  File "/cvmfs/cms.cern.ch/share/cms/crab-prod/v3.210323.00/bin/crab", line 150, in __call__
    self.cmd = sub_cmd(self.logger, args[1:])
  File "/cvmfs/cms.cern.ch/share/cms/crab-prod/v3.210323.00/lib/CRABClient/Commands/status.py", line 39, in __init__
    SubCommand.__init__(self, logger, cmdargs)
  File "/cvmfs/cms.cern.ch/share/cms/crab-prod/v3.210323.00/lib/CRABClient/Commands/SubCommand.py", line 270, in __init__
    SubCommand.validateOptions(self)
  File "/cvmfs/cms.cern.ch/share/cms/crab-prod/v3.210323.00/lib/CRABClient/Commands/SubCommand.py", line 639, in validateOptions
    raise ConfigurationException(msg)
ConfigurationException: [91mError[0m: gtau_v26042021-1_submission/crab_ggTauTau_TuneCP5_5p02TeV_amcatnlo_pythia8v26042021-1 is not a valid CRAB project directory.
INFO 2021-04-26 13:58:49.785 UTC: 	 Log file is /work/ajofrehe/gtau/AOD/CMSSW_10_3_2/src/EXOVVNtuplizerRunII/Ntuplizer/crab.log
DEBUG 2021-04-30 09:51:06.766 UTC: 	 CRAB Client version: v3.210323
DEBUG 2021-04-30 09:51:06.767 UTC: 	 Running on: Linux t3ui03.psi.ch 3.10.0-1062.18.1.el7.x86_64 #1 SMP Wed Feb 12 14:08:31 UTC 2020 x86_64 x86_64 x86_64 GNU/Linux - Red Hat Enterprise Linux Server 7.7 (Maipo)
DEBUG 2021-04-30 09:51:06.767 UTC: 	 Executing command: 'submit'
DEBUG 2021-04-30 09:51:06.767 UTC: 	 Found CRAB cache file /t3home/ajofrehe/.crab3
DEBUG 2021-04-30 09:51:06.771 UTC: 	 Will use CRAB Analysis plugin (i.e. will run an analysis job type).
DEBUG 2021-05-05 11:08:31.950 UTC: 	 CRAB Client version: v3.210323
DEBUG 2021-05-05 11:08:31.951 UTC: 	 Running on: Linux t3ui03.psi.ch 3.10.0-1062.18.1.el7.x86_64 #1 SMP Wed Feb 12 14:08:31 UTC 2020 x86_64 x86_64 x86_64 GNU/Linux - Red Hat Enterprise Linux Server 7.7 (Maipo)
DEBUG 2021-05-05 11:08:31.951 UTC: 	 Executing command: 'submit'
DEBUG 2021-05-05 11:08:31.951 UTC: 	 Found CRAB cache file /t3home/ajofrehe/.crab3
DEBUG 2021-05-05 11:08:31.973 UTC: 	 Will use CRAB Analysis plugin (i.e. will run an analysis job type).
DEBUG 2021-05-19 09:29:03.177 UTC: 	 CRAB Client version: v3.210323
DEBUG 2021-05-19 09:29:03.178 UTC: 	 Running on: Linux t3ui03.psi.ch 3.10.0-1062.18.1.el7.x86_64 #1 SMP Wed Feb 12 14:08:31 UTC 2020 x86_64 x86_64 x86_64 GNU/Linux - Red Hat Enterprise Linux Server 7.7 (Maipo)
DEBUG 2021-05-19 09:29:03.178 UTC: 	 Executing command: 'submit'
DEBUG 2021-05-19 09:29:03.179 UTC: 	 Found CRAB cache file /t3home/ajofrehe/.crab3
DEBUG 2021-05-19 09:29:03.190 UTC: 	 Will use CRAB Analysis plugin (i.e. will run an analysis job type).
